Mon Dec 30 10:18:52 2013 [10183][b8da008b-b910-2374-10fc-52be763b86ec][FATAL] could not load RHS  in Activity
Mon Dec 30 10:18:52 2013 [10183][b8da008b-b910-2374-10fc-52be763b86ec][FATAL] could not load RHS  in Activity
Mon Dec 30 10:18:52 2013 [10183][b8da008b-b910-2374-10fc-52be763b86ec][FATAL] 7456891256
Mon Dec 30 10:18:52 2013 [10183][b8da008b-b910-2374-10fc-52be763b86ec][FATAL] could not load RHS  in Activity
Mon Dec 30 10:18:52 2013 [10183][b8da008b-b910-2374-10fc-52be763b86ec][FATAL] could not load RHS  in Activity
Mon Dec 30 10:18:52 2013 [10183][b8da008b-b910-2374-10fc-52be763b86ec][FATAL] could not load RHS  in Activity
Mon Dec 30 10:18:52 2013 [10183][b8da008b-b910-2374-10fc-52be763b86ec][FATAL] could not load RHS  in Activity
Mon Dec 30 10:18:52 2013 [10183][b8da008b-b910-2374-10fc-52be763b86ec][FATAL] could not load RHS  in Activity
Mon Dec 30 10:18:52 2013 [10183][b8da008b-b910-2374-10fc-52be763b86ec][FATAL] could not load RHS  in Activity
Mon Dec 30 10:18:52 2013 [10183][b8da008b-b910-2374-10fc-52be763b86ec][FATAL] could not load RHS  in Activity
Mon Dec 30 10:18:52 2013 [10183][b8da008b-b910-2374-10fc-52be763b86ec][FATAL] could not load RHS  in Activity
Mon Dec 30 10:18:52 2013 [10183][b8da008b-b910-2374-10fc-52be763b86ec][FATAL] could not load RHS  in Activity
Mon Dec 30 10:18:52 2013 [10183][b8da008b-b910-2374-10fc-52be763b86ec][FATAL] could not load RHS  in Activity
Mon Dec 30 10:18:52 2013 [10183][b8da008b-b910-2374-10fc-52be763b86ec][FATAL] could not load RHS  in Activity
Mon Dec 30 10:18:52 2013 [10183][b8da008b-b910-2374-10fc-52be763b86ec][FATAL] could not load RHS  in Activity
Mon Dec 30 10:18:52 2013 [10183][b8da008b-b910-2374-10fc-52be763b86ec][FATAL] could not load RHS  in Activity
Mon Dec 30 10:18:53 2013 [10183][b8da008b-b910-2374-10fc-52be763b86ec][FATAL] could not load RHS  in Activity
Mon Dec 30 10:21:01 2013 [10186][b8da008b-b910-2374-10fc-52be763b86ec][FATAL] could not load RHS  in Activity
Mon Dec 30 10:21:01 2013 [10186][b8da008b-b910-2374-10fc-52be763b86ec][FATAL] could not load RHS  in Activity
Mon Dec 30 10:21:01 2013 [10186][b8da008b-b910-2374-10fc-52be763b86ec][FATAL] 7456891256
Mon Dec 30 10:21:01 2013 [10186][b8da008b-b910-2374-10fc-52be763b86ec][FATAL] could not load RHS  in Activity
Mon Dec 30 10:21:01 2013 [10186][b8da008b-b910-2374-10fc-52be763b86ec][FATAL] could not load RHS  in Activity
Mon Dec 30 10:21:01 2013 [10186][b8da008b-b910-2374-10fc-52be763b86ec][FATAL] could not load RHS  in Activity
Mon Dec 30 10:21:01 2013 [10186][b8da008b-b910-2374-10fc-52be763b86ec][FATAL] could not load RHS  in Activity
Mon Dec 30 10:21:01 2013 [10186][b8da008b-b910-2374-10fc-52be763b86ec][FATAL] could not load RHS  in Activity
Mon Dec 30 10:21:01 2013 [10186][b8da008b-b910-2374-10fc-52be763b86ec][FATAL] could not load RHS  in Activity
Mon Dec 30 10:21:01 2013 [10186][b8da008b-b910-2374-10fc-52be763b86ec][FATAL] could not load RHS  in Activity
Mon Dec 30 10:21:01 2013 [10186][b8da008b-b910-2374-10fc-52be763b86ec][FATAL] could not load RHS  in Activity
Mon Dec 30 10:21:01 2013 [10186][b8da008b-b910-2374-10fc-52be763b86ec][FATAL] could not load RHS  in Activity
Mon Dec 30 10:21:01 2013 [10186][b8da008b-b910-2374-10fc-52be763b86ec][FATAL] could not load RHS  in Activity
Mon Dec 30 10:21:01 2013 [10186][b8da008b-b910-2374-10fc-52be763b86ec][FATAL] could not load RHS  in Activity
Mon Dec 30 10:21:01 2013 [10186][b8da008b-b910-2374-10fc-52be763b86ec][FATAL] could not load RHS  in Activity
Mon Dec 30 10:21:01 2013 [10186][b8da008b-b910-2374-10fc-52be763b86ec][FATAL] could not load RHS  in Activity
Mon Dec 30 10:21:01 2013 [10186][b8da008b-b910-2374-10fc-52be763b86ec][FATAL] could not load RHS  in Activity
Mon Dec 30 10:23:35 2013 [10186][b8da008b-b910-2374-10fc-52be763b86ec][FATAL] could not load RHS  in Activity
Mon Dec 30 10:23:35 2013 [10186][b8da008b-b910-2374-10fc-52be763b86ec][FATAL] could not load RHS  in Activity
Mon Dec 30 10:23:35 2013 [10186][b8da008b-b910-2374-10fc-52be763b86ec][FATAL] could not load RHS  in Activity
Mon Dec 30 10:23:35 2013 [10186][b8da008b-b910-2374-10fc-52be763b86ec][FATAL] could not load RHS  in Activity
Mon Dec 30 10:23:35 2013 [10186][b8da008b-b910-2374-10fc-52be763b86ec][FATAL] could not load RHS  in Activity
Mon Dec 30 10:23:35 2013 [10186][b8da008b-b910-2374-10fc-52be763b86ec][FATAL] could not load RHS  in Activity
Mon Dec 30 10:23:35 2013 [10186][b8da008b-b910-2374-10fc-52be763b86ec][FATAL] could not load RHS  in Activity
Mon Dec 30 10:23:46 2013 [10193][b8da008b-b910-2374-10fc-52be763b86ec][FATAL] could not load RHS  in Activity
Mon Dec 30 10:23:46 2013 [10193][b8da008b-b910-2374-10fc-52be763b86ec][FATAL] could not load RHS  in Activity
Mon Dec 30 10:23:46 2013 [10193][b8da008b-b910-2374-10fc-52be763b86ec][FATAL] 
Mon Dec 30 10:23:46 2013 [10193][b8da008b-b910-2374-10fc-52be763b86ec][FATAL] could not load RHS  in Activity
Mon Dec 30 10:23:46 2013 [10193][b8da008b-b910-2374-10fc-52be763b86ec][FATAL] could not load RHS  in Activity
Mon Dec 30 10:23:46 2013 [10193][b8da008b-b910-2374-10fc-52be763b86ec][FATAL] could not load RHS  in Activity
Mon Dec 30 10:23:46 2013 [10193][b8da008b-b910-2374-10fc-52be763b86ec][FATAL] could not load RHS  in Activity
Mon Dec 30 10:23:46 2013 [10193][b8da008b-b910-2374-10fc-52be763b86ec][FATAL] could not load RHS  in Activity
Mon Dec 30 10:23:46 2013 [10193][b8da008b-b910-2374-10fc-52be763b86ec][FATAL] could not load RHS  in Activity
Mon Dec 30 10:23:46 2013 [10193][b8da008b-b910-2374-10fc-52be763b86ec][FATAL] could not load RHS  in Activity
Mon Dec 30 10:23:46 2013 [10193][b8da008b-b910-2374-10fc-52be763b86ec][FATAL] could not load RHS  in Activity
Mon Dec 30 10:23:46 2013 [10193][b8da008b-b910-2374-10fc-52be763b86ec][FATAL] could not load RHS  in Activity
Mon Dec 30 10:23:46 2013 [10193][b8da008b-b910-2374-10fc-52be763b86ec][FATAL] could not load RHS  in Activity
Mon Dec 30 10:23:46 2013 [10193][b8da008b-b910-2374-10fc-52be763b86ec][FATAL] could not load RHS  in Activity
Mon Dec 30 10:23:46 2013 [10193][b8da008b-b910-2374-10fc-52be763b86ec][FATAL] could not load RHS  in Activity
Mon Dec 30 10:23:46 2013 [10193][b8da008b-b910-2374-10fc-52be763b86ec][FATAL] could not load RHS  in Activity
Mon Dec 30 10:23:46 2013 [10193][b8da008b-b910-2374-10fc-52be763b86ec][FATAL] could not load RHS  in Activity
Mon Dec 30 10:24:46 2013 [10189][b8da008b-b910-2374-10fc-52be763b86ec][FATAL] Cannot load field defs for Opportunity
Mon Dec 30 10:25:08 2013 [10189][b8da008b-b910-2374-10fc-52be763b86ec][FATAL] could not load RHS  in Activity
Mon Dec 30 10:25:08 2013 [10189][b8da008b-b910-2374-10fc-52be763b86ec][FATAL] could not load RHS  in Activity
Mon Dec 30 10:25:08 2013 [10189][b8da008b-b910-2374-10fc-52be763b86ec][FATAL] 9874562589
Mon Dec 30 10:25:08 2013 [10189][b8da008b-b910-2374-10fc-52be763b86ec][FATAL] could not load RHS  in Activity
Mon Dec 30 10:25:08 2013 [10189][b8da008b-b910-2374-10fc-52be763b86ec][FATAL] could not load RHS  in Activity
Mon Dec 30 10:25:08 2013 [10189][b8da008b-b910-2374-10fc-52be763b86ec][FATAL] could not load RHS  in Activity
Mon Dec 30 10:25:08 2013 [10189][b8da008b-b910-2374-10fc-52be763b86ec][FATAL] could not load RHS  in Activity
Mon Dec 30 10:25:08 2013 [10189][b8da008b-b910-2374-10fc-52be763b86ec][FATAL] could not load RHS  in Activity
Mon Dec 30 10:25:08 2013 [10189][b8da008b-b910-2374-10fc-52be763b86ec][FATAL] could not load RHS  in Activity
Mon Dec 30 10:25:08 2013 [10189][b8da008b-b910-2374-10fc-52be763b86ec][FATAL] could not load RHS  in Activity
Mon Dec 30 10:25:08 2013 [10189][b8da008b-b910-2374-10fc-52be763b86ec][FATAL] could not load RHS  in Activity
Mon Dec 30 10:25:08 2013 [10189][b8da008b-b910-2374-10fc-52be763b86ec][FATAL] could not load RHS  in Activity
Mon Dec 30 10:25:08 2013 [10189][b8da008b-b910-2374-10fc-52be763b86ec][FATAL] could not load RHS  in Activity
Mon Dec 30 10:25:08 2013 [10189][b8da008b-b910-2374-10fc-52be763b86ec][FATAL] could not load RHS  in Activity
Mon Dec 30 10:25:08 2013 [10189][b8da008b-b910-2374-10fc-52be763b86ec][FATAL] could not load RHS  in Activity
Mon Dec 30 10:25:08 2013 [10189][b8da008b-b910-2374-10fc-52be763b86ec][FATAL] could not load RHS  in Activity
Mon Dec 30 10:25:08 2013 [10189][b8da008b-b910-2374-10fc-52be763b86ec][FATAL] could not load RHS  in Activity
Mon Dec 30 10:25:09 2013 [10189][b8da008b-b910-2374-10fc-52be763b86ec][FATAL] could not load RHS  in Activity
Mon Dec 30 10:33:16 2013 [10197][b8da008b-b910-2374-10fc-52be763b86ec][FATAL] could not load RHS  in Activity
Mon Dec 30 10:33:16 2013 [10197][b8da008b-b910-2374-10fc-52be763b86ec][FATAL] could not load RHS  in Activity
Mon Dec 30 10:33:16 2013 [10197][b8da008b-b910-2374-10fc-52be763b86ec][FATAL] could not load RHS  in Activity
Mon Dec 30 10:33:16 2013 [10197][b8da008b-b910-2374-10fc-52be763b86ec][FATAL] could not load RHS  in Activity
Mon Dec 30 10:33:16 2013 [10197][b8da008b-b910-2374-10fc-52be763b86ec][FATAL] could not load RHS  in Activity
Mon Dec 30 10:33:16 2013 [10197][b8da008b-b910-2374-10fc-52be763b86ec][FATAL] could not load RHS  in Activity
Mon Dec 30 10:33:16 2013 [10197][b8da008b-b910-2374-10fc-52be763b86ec][FATAL] could not load RHS  in Activity
Mon Dec 30 10:33:16 2013 [10197][b8da008b-b910-2374-10fc-52be763b86ec][FATAL] could not load RHS  in Activity
Mon Dec 30 10:33:16 2013 [10197][b8da008b-b910-2374-10fc-52be763b86ec][FATAL] could not load RHS  in Activity
Mon Dec 30 10:33:16 2013 [10197][b8da008b-b910-2374-10fc-52be763b86ec][FATAL] could not load RHS  in Activity
Mon Dec 30 10:33:16 2013 [10197][b8da008b-b910-2374-10fc-52be763b86ec][FATAL] could not load RHS  in Activity
Mon Dec 30 10:33:16 2013 [10197][b8da008b-b910-2374-10fc-52be763b86ec][FATAL] could not load RHS  in Activity
Mon Dec 30 10:33:16 2013 [10197][b8da008b-b910-2374-10fc-52be763b86ec][FATAL] could not load RHS  in Activity
Mon Dec 30 10:33:16 2013 [10197][b8da008b-b910-2374-10fc-52be763b86ec][FATAL] could not load RHS  in Activity
Mon Dec 30 10:33:16 2013 [10197][b8da008b-b910-2374-10fc-52be763b86ec][FATAL] could not load RHS  in Activity
Mon Dec 30 10:33:16 2013 [10197][b8da008b-b910-2374-10fc-52be763b86ec][FATAL] could not load RHS  in Activity
Mon Dec 30 18:54:26 2013 [10196][-none-][SECURITY] Destroying Session User has crossed Sites
Mon Dec 30 19:05:58 2013 [10190][8004f5cd-c5b6-0484-8679-52be753d9fd0][FATAL] Class Connectors does not exist, unable to rename.
Mon Dec 30 19:05:58 2013 [10190][8004f5cd-c5b6-0484-8679-52be753d9fd0][FATAL] Class CustomFields does not exist, unable to rename.
Mon Dec 30 19:05:59 2013 [10190][8004f5cd-c5b6-0484-8679-52be753d9fd0][FATAL] Class TeamHierarchy does not exist, unable to rename.
Mon Dec 30 19:13:19 2013 [10188][8004f5cd-c5b6-0484-8679-52be753d9fd0][FATAL] Class Connectors does not exist, unable to rename.
Mon Dec 30 19:13:19 2013 [10188][8004f5cd-c5b6-0484-8679-52be753d9fd0][FATAL] Class CustomFields does not exist, unable to rename.
Mon Dec 30 19:13:19 2013 [10188][8004f5cd-c5b6-0484-8679-52be753d9fd0][FATAL] Class TeamHierarchy does not exist, unable to rename.
Mon Dec 30 19:20:44 2013 [10188][8004f5cd-c5b6-0484-8679-52be753d9fd0][FATAL] Class Connectors does not exist, unable to rename.
Mon Dec 30 19:20:44 2013 [10188][8004f5cd-c5b6-0484-8679-52be753d9fd0][FATAL] Class CustomFields does not exist, unable to rename.
Mon Dec 30 19:20:44 2013 [10188][8004f5cd-c5b6-0484-8679-52be753d9fd0][FATAL] Class TeamHierarchy does not exist, unable to rename.
Mon Dec 30 19:34:05 2013 [10194][8004f5cd-c5b6-0484-8679-52be753d9fd0][FATAL] Class Connectors does not exist, unable to rename.
Mon Dec 30 19:34:05 2013 [10194][8004f5cd-c5b6-0484-8679-52be753d9fd0][FATAL] Class CustomFields does not exist, unable to rename.
Mon Dec 30 19:34:05 2013 [10194][8004f5cd-c5b6-0484-8679-52be753d9fd0][FATAL] Class TeamHierarchy does not exist, unable to rename.
Tue Dec 31 10:18:14 2013 [10188][8004f5cd-c5b6-0484-8679-52be753d9fd0][FATAL] could not load RHS  in Activity
Tue Dec 31 10:52:24 2013 [13272][-none-][FATAL] Could not connect to DB server localhost as root. port : Can't connect to local MySQL server through socket '/var/lib/mysql/mysql.sock' (2)
Tue Dec 31 10:52:29 2013 [13275][-none-][FATAL] Could not connect to DB server localhost as root. port : Can't connect to local MySQL server through socket '/var/lib/mysql/mysql.sock' (2)
Tue Dec 31 10:52:29 2013 [13276][-none-][FATAL] Could not connect to DB server localhost as root. port : Can't connect to local MySQL server through socket '/var/lib/mysql/mysql.sock' (2)
Tue Dec 31 10:52:29 2013 [13274][-none-][FATAL] Could not connect to DB server localhost as root. port : Can't connect to local MySQL server through socket '/var/lib/mysql/mysql.sock' (2)
Tue Dec 31 11:30:50 2013 [3955][1][FATAL] Unable to get server status: Elastica_Exception_Response
Tue Dec 31 11:30:57 2013 [3949][1][FATAL] Unable to get server status: Elastica_Exception_Response
